# JRE version: OpenJDK Runtime Environment (11.0.20.1+1) (build 11.0.20.1+1-post-Ubuntu-0ubuntu122.04)
# Java VM: OpenJDK 64-Bit Server VM (11.0.20.1+1-post-Ubuntu-0ubuntu122.04, mixed mode, sharing, tiered, compressed oops, g1 gc, linux-amd64)
Heap:
 garbage-first heap   total 96256K, used 64594K [0x0000000710200000, 0x0000000800000000)
  region size 1024K, 22 young (22528K), 1 survivors (1024K)
 Metaspace       used 33856K, capacity 34322K, committed 35584K, reserved 1081344K
  class space    used 3583K, capacity 3764K, committed 4096K, reserved 1048576K
GC Heap History (20 events):
Event: 5131,833 GC heap before
{Heap before GC invocations=590 (full 19):
 garbage-first heap   total 96256K, used 77726K [0x0000000710200000, 0x0000000800000000)
  region size 1024K, 35 young (35840K), 2 survivors (2048K)
 Metaspace       used 33847K, capacity 34322K, committed 35584K, reserved 1081344K
  class space    used 3582K, capacity 3764K, committed 4096K, reserved 1048576K
}
Event: 5131,836 GC heap after
{Heap after GC invocations=591 (full 19):
 garbage-first heap   total 96256K, used 43945K [0x0000000710200000, 0x0000000800000000)
  region size 1024K, 2 young (2048K), 2 survivors (2048K)
 Metaspace       used 33847K, capacity 34322K, committed 35584K, reserved 1081344K
  class space    used 3582K, capacity 3764K, committed 4096K, reserved 1048576K
}
Event: 5132,816 GC heap before
{Heap before GC invocations=591 (full 19):
 garbage-first heap   total 96256K, used 77737K [0x0000000710200000, 0x0000000800000000)
  region size 1024K, 35 young (35840K), 2 survivors (2048K)
 Metaspace       used 33847K, capacity 34322K, committed 35584K, reserved 1081344K
  class space    used 3582K, capacity 3764K, committed 4096K, reserved 1048576K
}
Event: 5132,819 GC heap after
{Heap after GC invocations=592 (full 19):
 garbage-first heap   total 96256K, used 43930K [0x0000000710200000, 0x0000000800000000)
  region size 1024K, 2 young (2048K), 2 survivors (2048K)
 Metaspace       used 33847K, capacity 34322K, committed 35584K, reserved 1081344K
  class space    used 3582K, capacity 3764K, committed 4096K, reserved 1048576K
}
Event: 5133,793 GC heap before
{Heap before GC invocations=593 (full 19):
 garbage-first heap   total 96256K, used 77722K [0x0000000710200000, 0x0000000800000000)
  region size 1024K, 35 young (35840K), 2 survivors (2048K)
 Metaspace       used 33847K, capacity 34322K, committed 35584K, reserved 1081344K
  class space    used 3582K, capacity 3764K, committed 4096K, reserved 1048576K
}
Event: 5133,795 GC heap after
{Heap after GC invocations=594 (full 19):
 garbage-first heap   total 96256K, used 43952K [0x0000000710200000, 0x0000000800000000)
  region size 1024K, 2 young (2048K), 2 survivors (2048K)
 Metaspace       used 33847K, capacity 34322K, committed 35584K, reserved 1081344K
  class space    used 3582K, capacity 3764K, committed 4096K, reserved 1048576K
}
Event: 5134,767 GC heap before
{Heap before GC invocations=594 (full 19):
 garbage-first heap   total 96256K, used 77744K [0x0000000710200000, 0x0000000800000000)
  region size 1024K, 35 young (35840K), 2 survivors (2048K)
 Metaspace       used 33847K, capacity 34322K, committed 35584K, reserved 1081344K
  class space    used 3582K, capacity 3764K, committed 4096K, reserved 1048576K
}
Event: 5134,769 GC heap after
{Heap after GC invocations=595 (full 19):
 garbage-first heap   total 96256K, used 43962K [0x0000000710200000, 0x0000000800000000)
  region size 1024K, 2 young (2048K), 2 survivors (2048K)
 Metaspace       used 33847K, capacity 34322K, committed 35584K, reserved 1081344K
  class space    used 3582K, capacity 3764K, committed 4096K, reserved 1048576K
}
Event: 5135,696 GC heap before
{Heap before GC invocations=596 (full 19):
 garbage-first heap   total 96256K, used 77754K [0x0000000710200000, 0x0000000800000000)
  region size 1024K, 35 young (35840K), 2 survivors (2048K)
 Metaspace       used 33847K, capacity 34322K, committed 35584K, reserved 1081344K
  class space    used 3582K, capacity 3764K, committed 4096K, reserved 1048576K
}
Event: 5135,698 GC heap after
{Heap after GC invocations=597 (full 19):
 garbage-first heap   total 96256K, used 43947K [0x0000000710200000, 0x0000000800000000)
  region size 1024K, 2 young (2048K), 2 survivors (2048K)
 Metaspace       used 33847K, capacity 34322K, committed 35584K, reserved 1081344K
  class space    used 3582K, capacity 3764K, committed 4096K, reserved 1048576K
}
Event: 5136,664 GC heap before
{Heap before GC invocations=597 (full 19):
 garbage-first heap   total 96256K, used 77739K [0x0000000710200000, 0x0000000800000000)
  region size 1024K, 35 young (35840K), 2 survivors (2048K)
 Metaspace       used 33847K, capacity 34322K, committed 35584K, reserved 1081344K
  class space    used 3582K, capacity 3764K, committed 4096K, reserved 1048576K
}
Event: 5136,666 GC heap after
{Heap after GC invocations=598 (full 19):
 garbage-first heap   total 96256K, used 43953K [0x0000000710200000, 0x0000000800000000)
  region size 1024K, 1 young (1024K), 1 survivors (1024K)
 Metaspace       used 33847K, capacity 34322K, committed 35584K, reserved 1081344K
  class space    used 3582K, capacity 3764K, committed 4096K, reserved 1048576K
}
Event: 5137,643 GC heap before
{Heap before GC invocations=599 (full 19):
 garbage-first heap   total 96256K, used 77745K [0x0000000710200000, 0x0000000800000000)
  region size 1024K, 34 young (34816K), 1 survivors (1024K)
 Metaspace       used 33847K, capacity 34322K, committed 35584K, reserved 1081344K
  class space    used 3582K, capacity 3764K, committed 4096K, reserved 1048576K
}
Event: 5137,645 GC heap after
{Heap after GC invocations=600 (full 19):
 garbage-first heap   total 96256K, used 43946K [0x0000000710200000, 0x0000000800000000)
  region size 1024K, 1 young (1024K), 1 survivors (1024K)
 Metaspace       used 33847K, capacity 34322K, committed 35584K, reserved 1081344K
  class space    used 3582K, capacity 3764K, committed 4096K, reserved 1048576K
}
Event: 5138,615 GC heap before
{Heap before GC invocations=600 (full 19):
 garbage-first heap   total 96256K, used 77738K [0x0000000710200000, 0x0000000800000000)
  region size 1024K, 34 young (34816K), 1 survivors (1024K)
 Metaspace       used 33847K, capacity 34322K, committed 35584K, reserved 1081344K
  class space    used 3582K, capacity 3764K, committed 4096K, reserved 1048576K
}
Event: 5138,617 GC heap after
{Heap after GC invocations=601 (full 19):
 garbage-first heap   total 96256K, used 43955K [0x0000000710200000, 0x0000000800000000)
  region size 1024K, 1 young (1024K), 1 survivors (1024K)
 Metaspace       used 33847K, capacity 34322K, committed 35584K, reserved 1081344K
  class space    used 3582K, capacity 3764K, committed 4096K, reserved 1048576K
}
Event: 5139,533 GC heap before
{Heap before GC invocations=602 (full 19):
 garbage-first heap   total 96256K, used 77747K [0x0000000710200000, 0x0000000800000000)
  region size 1024K, 34 young (34816K), 1 survivors (1024K)
 Metaspace       used 33847K, capacity 34322K, committed 35584K, reserved 1081344K
  class space    used 3582K, capacity 3764K, committed 4096K, reserved 1048576K
}
Event: 5139,535 GC heap after
{Heap after GC invocations=603 (full 19):
 garbage-first heap   total 96256K, used 44057K [0x0000000710200000, 0x0000000800000000)
  region size 1024K, 1 young (1024K), 1 survivors (1024K)
 Metaspace       used 33847K, capacity 34322K, committed 35584K, reserved 1081344K
  class space    used 3582K, capacity 3764K, committed 4096K, reserved 1048576K
}
Event: 5140,548 GC heap before
{Heap before GC invocations=603 (full 19):
 garbage-first heap   total 96256K, used 78873K [0x0000000710200000, 0x0000000800000000)
  region size 1024K, 35 young (35840K), 1 survivors (1024K)
 Metaspace       used 33847K, capacity 34322K, committed 35584K, reserved 1081344K
  class space    used 3582K, capacity 3764K, committed 4096K, reserved 1048576K
}
Event: 5140,550 GC heap after
{Heap after GC invocations=604 (full 19):
 garbage-first heap   total 96256K, used 44114K [0x0000000710200000, 0x0000000800000000)
  region size 1024K, 1 young (1024K), 1 survivors (1024K)
 Metaspace       used 33847K, capacity 34322K, committed 35584K, reserved 1081344K
  class space    used 3582K, capacity 3764K, committed 4096K, reserved 1048576K
}

